# JRE version: OpenJDK Runtime Environment Temurin-21.0.10+7 (21.0.10+7) (build 21.0.10+7-LTS)
# Java VM: OpenJDK 64-Bit Server VM Temurin-21.0.10+7 (21.0.10+7-LTS, mixed mode, sharing, tiered, compressed oops, compressed class ptrs, parallel gc, windows-amd64)
GC Precious Log:
 CardTable entry size: 512
 CPUs: 6 total, 6 available
 Memory: 8062M
 Large Page Support: Disabled
 NUMA Support: Disabled
 Compressed Oops: Enabled (32-bit)
 Alignments: Space 512K, Generation 512K, Heap 2M
 Heap Min Capacity: 100M
 Heap Initial Capacity: 100M
 Heap Max Capacity: 2G
 Pre-touch: Disabled
 Parallel Workers: 6
Heap:
 PSYoungGen      total 4096K, used 1094K [0x00000000d5580000, 0x00000000d5c00000, 0x0000000100000000)
  eden space 3584K, 25% used [0x00000000d5580000,0x00000000d5661be0,0x00000000d5900000)
  from space 512K, 37% used [0x00000000d5b80000,0x00000000d5bb0000,0x00000000d5c00000)
  to   space 512K, 0% used [0x00000000d5b00000,0x00000000d5b00000,0x00000000d5b80000)
 ParOldGen       total 771584K, used 771443K [0x0000000080000000, 0x00000000af180000, 0x00000000d5580000)
  object space 771584K, 99% used [0x0000000080000000,0x00000000af15cf68,0x00000000af180000)
 Metaspace       used 81885K, committed 83648K, reserved 1179648K
  class space    used 8753K, committed 9536K, reserved 1048576K
GC Heap History (20 events):
Event: 400.963 GC heap before
{Heap before GC invocations=1068 (full 3):
 PSYoungGen      total 4096K, used 4078K [0x00000000d5580000, 0x00000000d6000000, 0x0000000100000000)
  eden space 3584K, 100% used [0x00000000d5580000,0x00000000d5900000,0x00000000d5900000)
  from space 512K, 96% used [0x00000000d5c00000,0x00000000d5c7b8a0,0x00000000d5c80000)
  to   space 3072K, 0% used [0x00000000d5900000,0x00000000d5900000,0x00000000d5c00000)
 ParOldGen       total 768000K, used 767817K [0x0000000080000000, 0x00000000aee00000, 0x00000000d5580000)
  object space 768000K, 99% used [0x0000000080000000,0x00000000aedd27a0,0x00000000aee00000)
 Metaspace       used 78741K, committed 80448K, reserved 1179648K
  class space    used 8333K, committed 9088K, reserved 1048576K
}
Event: 400.966 GC heap after
{Heap after GC invocations=1068 (full 3):
 PSYoungGen      total 6656K, used 3001K [0x00000000d5580000, 0x00000000d6000000, 0x0000000100000000)
  eden space 3584K, 0% used [0x00000000d5580000,0x00000000d5580000,0x00000000d5900000)
  from space 3072K, 97% used [0x00000000d5900000,0x00000000d5bee4a8,0x00000000d5c00000)
  to   space 3584K, 0% used [0x00000000d5c80000,0x00000000d5c80000,0x00000000d6000000)
 ParOldGen       total 768512K, used 768333K [0x0000000080000000, 0x00000000aee80000, 0x00000000d5580000)
  object space 768512K, 99% used [0x0000000080000000,0x00000000aee536e8,0x00000000aee80000)
 Metaspace       used 78741K, committed 80448K, reserved 1179648K
  class space    used 8333K, committed 9088K, reserved 1048576K
}
Event: 400.994 GC heap before
{Heap before GC invocations=1069 (full 3):
 PSYoungGen      total 6656K, used 6515K [0x00000000d5580000, 0x00000000d6000000, 0x0000000100000000)
  eden space 3584K, 98% used [0x00000000d5580000,0x00000000d58eea58,0x00000000d5900000)
  from space 3072K, 97% used [0x00000000d5900000,0x00000000d5bee4a8,0x00000000d5c00000)
  to   space 3584K, 0% used [0x00000000d5c80000,0x00000000d5c80000,0x00000000d6000000)
 ParOldGen       total 768512K, used 768333K [0x0000000080000000, 0x00000000aee80000, 0x00000000d5580000)
  object space 768512K, 99% used [0x0000000080000000,0x00000000aee536e8,0x00000000aee80000)
 Metaspace       used 78777K, committed 80448K, reserved 1179648K
  class space    used 8338K, committed 9088K, reserved 1048576K
}
Event: 400.997 GC heap after
{Heap after GC invocations=1069 (full 3):
 PSYoungGen      total 4608K, used 928K [0x00000000d5580000, 0x00000000d5d80000, 0x0000000100000000)
  eden space 3584K, 0% used [0x00000000d5580000,0x00000000d5580000,0x00000000d5900000)
  from space 1024K, 90% used [0x00000000d5c80000,0x00000000d5d68000,0x00000000d5d80000)
  to   space 2048K, 0% used [0x00000000d5980000,0x00000000d5980000,0x00000000d5b80000)
 ParOldGen       total 768512K, used 768501K [0x0000000080000000, 0x00000000aee80000, 0x00000000d5580000)
  object space 768512K, 99% used [0x0000000080000000,0x00000000aee7d6e8,0x00000000aee80000)
 Metaspace       used 78777K, committed 80448K, reserved 1179648K
  class space    used 8338K, committed 9088K, reserved 1048576K
}
Event: 401.039 GC heap before
{Heap before GC invocations=1070 (full 3):
 PSYoungGen      total 4608K, used 4512K [0x00000000d5580000, 0x00000000d5d80000, 0x0000000100000000)
  eden space 3584K, 100% used [0x00000000d5580000,0x00000000d5900000,0x00000000d5900000)
  from space 1024K, 90% used [0x00000000d5c80000,0x00000000d5d68000,0x00000000d5d80000)
  to   space 2048K, 0% used [0x00000000d5980000,0x00000000d5980000,0x00000000d5b80000)
 ParOldGen       total 768512K, used 768501K [0x0000000080000000, 0x00000000aee80000, 0x00000000d5580000)
  object space 768512K, 99% used [0x0000000080000000,0x00000000aee7d6e8,0x00000000aee80000)
 Metaspace       used 79412K, committed 81088K, reserved 1179648K
  class space    used 8418K, committed 9152K, reserved 1048576K
}
Event: 401.041 GC heap after
{Heap after GC invocations=1070 (full 3):
 PSYoungGen      total 5632K, used 192K [0x00000000d5580000, 0x00000000d5d00000, 0x0000000100000000)
  eden space 3584K, 0% used [0x00000000d5580000,0x00000000d5580000,0x00000000d5900000)
  from space 2048K, 9% used [0x00000000d5980000,0x00000000d59b0000,0x00000000d5b80000)
  to   space 1024K, 0% used [0x00000000d5c00000,0x00000000d5c00000,0x00000000d5d00000)
 ParOldGen       total 769536K, used 769333K [0x0000000080000000, 0x00000000aef80000, 0x00000000d5580000)
  object space 769536K, 99% used [0x0000000080000000,0x00000000aef4d6e8,0x00000000aef80000)
 Metaspace       used 79412K, committed 81088K, reserved 1179648K
  class space    used 8418K, committed 9152K, reserved 1048576K
}
Event: 401.496 GC heap before
{Heap before GC invocations=1071 (full 3):
 PSYoungGen      total 5632K, used 3776K [0x00000000d5580000, 0x00000000d5d00000, 0x0000000100000000)
  eden space 3584K, 100% used [0x00000000d5580000,0x00000000d5900000,0x00000000d5900000)
  from space 2048K, 9% used [0x00000000d5980000,0x00000000d59b0000,0x00000000d5b80000)
  to   space 1024K, 0% used [0x00000000d5c00000,0x00000000d5c00000,0x00000000d5d00000)
 ParOldGen       total 769536K, used 769333K [0x0000000080000000, 0x00000000aef80000, 0x00000000d5580000)
  object space 769536K, 99% used [0x0000000080000000,0x00000000aef4d6e8,0x00000000aef80000)
 Metaspace       used 80042K, committed 81664K, reserved 1179648K
  class space    used 8501K, committed 9216K, reserved 1048576K
}
Event: 401.498 GC heap after
{Heap after GC invocations=1071 (full 3):
 PSYoungGen      total 4096K, used 224K [0x00000000d5580000, 0x00000000d5c80000, 0x0000000100000000)
  eden space 3584K, 0% used [0x00000000d5580000,0x00000000d5580000,0x00000000d5900000)
  from space 512K, 43% used [0x00000000d5c00000,0x00000000d5c38000,0x00000000d5c80000)
  to   space 512K, 0% used [0x00000000d5b80000,0x00000000d5b80000,0x00000000d5c00000)
 ParOldGen       total 769536K, used 769437K [0x0000000080000000, 0x00000000aef80000, 0x00000000d5580000)
  object space 769536K, 99% used [0x0000000080000000,0x00000000aef676e8,0x00000000aef80000)
 Metaspace       used 80042K, committed 81664K, reserved 1179648K
  class space    used 8501K, committed 9216K, reserved 1048576K
}
Event: 402.021 GC heap before
{Heap before GC invocations=1072 (full 3):
 PSYoungGen      total 4096K, used 3806K [0x00000000d5580000, 0x00000000d5c80000, 0x0000000100000000)
  eden space 3584K, 99% used [0x00000000d5580000,0x00000000d58ff850,0x00000000d5900000)
  from space 512K, 43% used [0x00000000d5c00000,0x00000000d5c38000,0x00000000d5c80000)
  to   space 512K, 0% used [0x00000000d5b80000,0x00000000d5b80000,0x00000000d5c00000)
 ParOldGen       total 769536K, used 769437K [0x0000000080000000, 0x00000000aef80000, 0x00000000d5580000)
  object space 769536K, 99% used [0x0000000080000000,0x00000000aef676e8,0x00000000aef80000)
 Metaspace       used 80551K, committed 82240K, reserved 1179648K
  class space    used 8580K, committed 9344K, reserved 1048576K
}
Event: 402.023 GC heap after
{Heap after GC invocations=1072 (full 3):
 PSYoungGen      total 4096K, used 256K [0x00000000d5580000, 0x00000000d5c80000, 0x0000000100000000)
  eden space 3584K, 0% used [0x00000000d5580000,0x00000000d5580000,0x00000000d5900000)
  from space 512K, 50% used [0x00000000d5b80000,0x00000000d5bc0000,0x00000000d5c00000)
  to   space 512K, 0% used [0x00000000d5c00000,0x00000000d5c00000,0x00000000d5c80000)
 ParOldGen       total 770048K, used 769565K [0x0000000080000000, 0x00000000af000000, 0x00000000d5580000)
  object space 770048K, 99% used [0x0000000080000000,0x00000000aef876e8,0x00000000af000000)
 Metaspace       used 80551K, committed 82240K, reserved 1179648K
  class space    used 8580K, committed 9344K, reserved 1048576K
}
Event: 402.247 GC heap before
{Heap before GC invocations=1073 (full 3):
 PSYoungGen      total 4096K, used 3840K [0x00000000d5580000, 0x00000000d5c80000, 0x0000000100000000)
  eden space 3584K, 100% used [0x00000000d5580000,0x00000000d5900000,0x00000000d5900000)
  from space 512K, 50% used [0x00000000d5b80000,0x00000000d5bc0000,0x00000000d5c00000)
  to   space 512K, 0% used [0x00000000d5c00000,0x00000000d5c00000,0x00000000d5c80000)
 ParOldGen       total 770048K, used 769565K [0x0000000080000000, 0x00000000af000000, 0x00000000d5580000)
  object space 770048K, 99% used [0x0000000080000000,0x00000000aef876e8,0x00000000af000000)
 Metaspace       used 80986K, committed 82624K, reserved 1179648K
  class space    used 8638K, committed 9408K, reserved 1048576K
}
Event: 402.249 GC heap after
{Heap after GC invocations=1073 (full 3):
 PSYoungGen      total 4096K, used 384K [0x00000000d5580000, 0x00000000d5c80000, 0x0000000100000000)
  eden space 3584K, 0% used [0x00000000d5580000,0x00000000d5580000,0x00000000d5900000)
  from space 512K, 75% used [0x00000000d5c00000,0x00000000d5c60178,0x00000000d5c80000)
  to   space 512K, 0% used [0x00000000d5b80000,0x00000000d5b80000,0x00000000d5c00000)
 ParOldGen       total 770048K, used 769758K [0x0000000080000000, 0x00000000af000000, 0x00000000d5580000)
  object space 770048K, 99% used [0x0000000080000000,0x00000000aefb7860,0x00000000af000000)
 Metaspace       used 80986K, committed 82624K, reserved 1179648K
  class space    used 8638K, committed 9408K, reserved 1048576K
}
Event: 402.310 GC heap before
{Heap before GC invocations=1074 (full 3):
 PSYoungGen      total 4096K, used 3968K [0x00000000d5580000, 0x00000000d5c80000, 0x0000000100000000)
  eden space 3584K, 100% used [0x00000000d5580000,0x00000000d5900000,0x00000000d5900000)
  from space 512K, 75% used [0x00000000d5c00000,0x00000000d5c60178,0x00000000d5c80000)
  to   space 512K, 0% used [0x00000000d5b80000,0x00000000d5b80000,0x00000000d5c00000)
 ParOldGen       total 770048K, used 769758K [0x0000000080000000, 0x00000000af000000, 0x00000000d5580000)
  object space 770048K, 99% used [0x0000000080000000,0x00000000aefb7860,0x00000000af000000)
 Metaspace       used 81689K, committed 83456K, reserved 1179648K
  class space    used 8720K, committed 9536K, reserved 1048576K
}
Event: 402.312 GC heap after
{Heap after GC invocations=1074 (full 3):
 PSYoungGen      total 4096K, used 288K [0x00000000d5580000, 0x00000000d5c80000, 0x0000000100000000)
  eden space 3584K, 0% used [0x00000000d5580000,0x00000000d5580000,0x00000000d5900000)
  from space 512K, 56% used [0x00000000d5b80000,0x00000000d5bc8000,0x00000000d5c00000)
  to   space 512K, 0% used [0x00000000d5c00000,0x00000000d5c00000,0x00000000d5c80000)
 ParOldGen       total 770048K, used 769999K [0x0000000080000000, 0x00000000af000000, 0x00000000d5580000)
  object space 770048K, 99% used [0x0000000080000000,0x00000000aeff3e38,0x00000000af000000)
 Metaspace       used 81689K, committed 83456K, reserved 1179648K
  class space    used 8720K, committed 9536K, reserved 1048576K
}
Event: 402.332 GC heap before
{Heap before GC invocations=1075 (full 3):
 PSYoungGen      total 4096K, used 3872K [0x00000000d5580000, 0x00000000d5c80000, 0x0000000100000000)
  eden space 3584K, 100% used [0x00000000d5580000,0x00000000d5900000,0x00000000d5900000)
  from space 512K, 56% used [0x00000000d5b80000,0x00000000d5bc8000,0x00000000d5c00000)
  to   space 512K, 0% used [0x00000000d5c00000,0x00000000d5c00000,0x00000000d5c80000)
 ParOldGen       total 770048K, used 769999K [0x0000000080000000, 0x00000000af000000, 0x00000000d5580000)
  object space 770048K, 99% used [0x0000000080000000,0x00000000aeff3e38,0x00000000af000000)
 Metaspace       used 81844K, committed 83584K, reserved 1179648K
  class space    used 8749K, committed 9536K, reserved 1048576K
}
Event: 402.334 GC heap after
{Heap after GC invocations=1075 (full 3):
 PSYoungGen      total 4096K, used 506K [0x00000000d5580000, 0x00000000d5c80000, 0x0000000100000000)
  eden space 3584K, 0% used [0x00000000d5580000,0x00000000d5580000,0x00000000d5900000)
  from space 512K, 98% used [0x00000000d5c00000,0x00000000d5c7ea50,0x00000000d5c80000)
  to   space 1536K, 0% used [0x00000000d5980000,0x00000000d5980000,0x00000000d5b00000)
 ParOldGen       total 770560K, used 770474K [0x0000000080000000, 0x00000000af080000, 0x00000000d5580000)
  object space 770560K, 99% used [0x0000000080000000,0x00000000af06aa10,0x00000000af080000)
 Metaspace       used 81844K, committed 83584K, reserved 1179648K
  class space    used 8749K, committed 9536K, reserved 1048576K
}
Event: 402.345 GC heap before
{Heap before GC invocations=1076 (full 3):
 PSYoungGen      total 4096K, used 4090K [0x00000000d5580000, 0x00000000d5c80000, 0x0000000100000000)
  eden space 3584K, 100% used [0x00000000d5580000,0x00000000d5900000,0x00000000d5900000)
  from space 512K, 98% used [0x00000000d5c00000,0x00000000d5c7ea50,0x00000000d5c80000)
  to   space 1536K, 0% used [0x00000000d5980000,0x00000000d5980000,0x00000000d5b00000)
 ParOldGen       total 770560K, used 770474K [0x0000000080000000, 0x00000000af080000, 0x00000000d5580000)
  object space 770560K, 99% used [0x0000000080000000,0x00000000af06aa10,0x00000000af080000)
 Metaspace       used 81857K, committed 83584K, reserved 1179648K
  class space    used 8749K, committed 9536K, reserved 1048576K
}
Event: 402.347 GC heap after
{Heap after GC invocations=1076 (full 3):
 PSYoungGen      total 5120K, used 864K [0x00000000d5580000, 0x00000000d5c80000, 0x0000000100000000)
  eden space 3584K, 0% used [0x00000000d5580000,0x00000000d5580000,0x00000000d5900000)
  from space 1536K, 56% used [0x00000000d5980000,0x00000000d5a58000,0x00000000d5b00000)
  to   space 1024K, 0% used [0x00000000d5b80000,0x00000000d5b80000,0x00000000d5c80000)
 ParOldGen       total 771072K, used 770659K [0x0000000080000000, 0x00000000af100000, 0x00000000d5580000)
  object space 771072K, 99% used [0x0000000080000000,0x00000000af098f68,0x00000000af100000)
 Metaspace       used 81857K, committed 83584K, reserved 1179648K
  class space    used 8749K, committed 9536K, reserved 1048576K
}
Event: 591.243 GC heap before
{Heap before GC invocations=1077 (full 3):
 PSYoungGen      total 5120K, used 4448K [0x00000000d5580000, 0x00000000d5c80000, 0x0000000100000000)
  eden space 3584K, 100% used [0x00000000d5580000,0x00000000d5900000,0x00000000d5900000)
  from space 1536K, 56% used [0x00000000d5980000,0x00000000d5a58000,0x00000000d5b00000)
  to   space 1024K, 0% used [0x00000000d5b80000,0x00000000d5b80000,0x00000000d5c80000)
 ParOldGen       total 771072K, used 770659K [0x0000000080000000, 0x00000000af100000, 0x00000000d5580000)
  object space 771072K, 99% used [0x0000000080000000,0x00000000af098f68,0x00000000af100000)
 Metaspace       used 81868K, committed 83648K, reserved 1179648K
  class space    used 8750K, committed 9536K, reserved 1048576K
}
Event: 591.246 GC heap after
{Heap after GC invocations=1077 (full 3):
 PSYoungGen      total 4096K, used 192K [0x00000000d5580000, 0x00000000d5c00000, 0x0000000100000000)
  eden space 3584K, 0% used [0x00000000d5580000,0x00000000d5580000,0x00000000d5900000)
  from space 512K, 37% used [0x00000000d5b80000,0x00000000d5bb0000,0x00000000d5c00000)
  to   space 512K, 0% used [0x00000000d5b00000,0x00000000d5b00000,0x00000000d5b80000)
 ParOldGen       total 771584K, used 771443K [0x0000000080000000, 0x00000000af180000, 0x00000000d5580000)
  object space 771584K, 99% used [0x0000000080000000,0x00000000af15cf68,0x00000000af180000)
 Metaspace       used 81868K, committed 83648K, reserved 1179648K
  class space    used 8750K, committed 9536K, reserved 1048576K
}

